Flutter crash report; please file at https://github.com/flutter/flutter/issues.

## command

flutter run --machine --target lib\main.dart -d emulator-5554 --track-widget-creation --dart-define=flutter.inspector.structuredErrors=true --start-paused

## exception

ProcessException: ProcessException: Process exited abnormally:
adb.exe: error: listener 'tcp:55246' not found
  Command: C:\Users\Anatolia05\AppData\Local\Android\sdk\platform-tools\adb.exe -s emulator-5554 forward --remove tcp:55246

```
#0      RunResult.throwException (package:flutter_tools/src/base/process.dart:172:5)
#1      _DefaultProcessUtils.run (package:flutter_tools/src/base/process.dart:322:19)
<asynchronous suspension>
#2      _AndroidDevicePortForwarder.unforward (package:flutter_tools/src/android/android_device.dart:1198:24)
#3      _AndroidDevicePortForwarder.dispose (package:flutter_tools/src/android/android_device.dart:1207:13)
#4      AndroidDevice.dispose (package:flutter_tools/src/android/android_device.dart:743:27)
#5      HotRunner.cleanupAtFinish (package:flutter_tools/src/run_hot.dart:1144:34)
#6      ResidentRunner.waitForAppToFinish (package:flutter_tools/src/resident_runner.dart:1017:11)
<asynchronous suspension>
#7      RunCommand.runCommand (package:flutter_tools/src/commands/run.dart:431:43)
<asynchronous suspension>
#8      FlutterCommand.verifyThenRunCommand (package:flutter_tools/src/runner/flutter_command.dart:723:18)
#9      _rootRunUnary (dart:async/zone.dart:1192:38)
#10     _CustomZone.runUnary (dart:async/zone.dart:1085:19)
#11     _FutureListener.handleValue (dart:async/future_impl.dart:141:18)
#12     Future._propagateToListeners.handleValueCallback (dart:async/future_impl.dart:682:45)
#13     Future._propagateToListeners (dart:async/future_impl.dart:711:32)
#14     Future._completeWithValue (dart:async/future_impl.dart:526:5)
#15     _AsyncAwaitCompleter.complete (dart:async-patch/async_patch.dart:36:15)
#16     _completeOnAsyncReturn (dart:async-patch/async_patch.dart:298:13)
#17     RunCommand.usageValues (package:flutter_tools/src/commands/run.dart)
#18     _rootRunUnary (dart:async/zone.dart:1192:38)
#19     _CustomZone.runUnary (dart:async/zone.dart:1085:19)
#20     _FutureListener.handleValue (dart:async/future_impl.dart:141:18)
#21     Future._propagateToListeners.handleValueCallback (dart:async/future_impl.dart:682:45)
#22     Future._propagateToListeners (dart:async/future_impl.dart:711:32)
#23     Future._completeWithValue (dart:async/future_impl.dart:526:5)
#24     _AsyncAwaitCompleter.complete (dart:async-patch/async_patch.dart:36:15)
#25     _completeOnAsyncReturn (dart:async-patch/async_patch.dart:298:13)
#26     AndroidDevice.isLocalEmulator (package:flutter_tools/src/android/android_device.dart)
#27     _rootRunUnary (dart:async/zone.dart:1192:38)
#28     _CustomZone.runUnary (dart:async/zone.dart:1085:19)
#29     _FutureListener.handleValue (dart:async/future_impl.dart:141:18)
#30     Future._propagateToListeners.handleValueCallback (dart:async/future_impl.dart:682:45)
#31     Future._propagateToListeners (dart:async/future_impl.dart:711:32)
#32     Future._completeWithValue (dart:async/future_impl.dart:526:5)
#33     Future._asyncComplete.<anonymous closure> (dart:async/future_impl.dart:556:7)
#34     _rootRun (dart:async/zone.dart:1184:13)
#35     _CustomZone.run (dart:async/zone.dart:1077:19)
#36     _CustomZone.runGuarded (dart:async/zone.dart:979:7)
#37     _CustomZone.bindCallbackGuarded.<anonymous closure> (dart:async/zone.dart:1019:23)
#38     _microtaskLoop (dart:async/schedule_microtask.dart:43:21)
#39     _startMicrotaskLoop (dart:async/schedule_microtask.dart:52:5)
#40     _runPendingImmediateCallback (dart:isolate-patch/isolate_patch.dart:118:13)
#41     _RawReceivePortImpl._handleMessage (dart:isolate-patch/isolate_patch.dart:169:5)
```

## flutter doctor

```
[✓] Flutter (Channel stable, v1.17.5, on Microsoft Windows [Version 10.0.19041.329], locale tr-TR)
    • Flutter version 1.17.5 at C:\flutter
    • Framework revision 8af6b2f038 (2 weeks ago), 2020-06-30 12:53:55 -0700
    • Engine revision ee76268252
    • Dart version 2.8.4

[✓] Android toolchain - develop for Android devices (Android SDK version 30.0.1)
    • Android SDK at C:\Users\Anatolia05\AppData\Local\Android\sdk
    • Platform android-30, build-tools 30.0.1
    • ANDROID_HOME = C:\Users\Anatolia05\AppData\Local\Android\sdk
    • Java binary at: C:\Program Files\Android\Android Studio\jre\bin\java
    • Java version OpenJDK Runtime Environment (build 1.8.0_242-release-1644-b01)
    • All Android licenses accepted.

[✓] Android Studio (version 4.0)
    • Android Studio at C:\Program Files\Android\Android Studio
    • Flutter plugin version 46.0.2
    • Dart plugin version 193.7361
    • Java version OpenJDK Runtime Environment (build 1.8.0_242-release-1644-b01)

[✓] VS Code (version 1.47.1)
    • VS Code at C:\Users\Anatolia05\AppData\Local\Programs\Microsoft VS Code
    • Flutter extension version 3.12.2

[✓] Connected device (1 available)
    • sdk gphone x86 arm • emulator-5554 • android-x86 • Android 11 (API 30) (emulator)

• No issues found!
```
